<?xml version="1.0" encoding="UTF-8"?>
<testsuite name="com.pride.summoner_searcher_api.SummonerSearcherApiApplicationTests" tests="1" skipped="0" failures="0" errors="0" timestamp="2025-11-14T15:40:59.645Z" hostname="DESKTOP-O1MU2H1" time="0.404">
  <properties/>
  <testcase name="contextLoads()" classname="com.pride.summoner_searcher_api.SummonerSearcherApiApplicationTests" time="0.404"/>
  <system-out><![CDATA[Standard Commons Logging discovery in action with spring-jcl: please remove commons-logging.jar from classpath in order to avoid potential conflicts
16:40:50.915 [Test worker] INFO org.springframework.test.context.support.AnnotationConfigContextLoaderUtils -- Could not detect default configuration classes for test class [com.pride.summoner_searcher_api.SummonerSearcherApiApplicationTests]: SummonerSearcherApiApplicationTests does not declare any static, non-private, non-final, nested classes annotated with @Configuration.
16:40:51.053 [Test worker] INFO org.springframework.boot.test.context.SpringBootTestContextBootstrapper -- Found @SpringBootConfiguration com.pride.summoner_searcher_api.SummonerSearcherApiApplication for test class com.pride.summoner_searcher_api.SummonerSearcherApiApplicationTests

  .   ____          _            __ _ _
 /\\ / ___'_ __ _ _(_)_ __  __ _ \ \ \ \
( ( )\___ | '_ | '_| | '_ \/ _` | \ \ \ \
 \\/  ___)| |_)| | | | | || (_| |  ) ) ) )
  '  |____| .__|_| |_|_| |_\__, | / / / /
 =========|_|==============|___/=/_/_/_/

 :: Spring Boot ::                (v3.5.6)

2025-11-14T16:40:51.477+01:00  INFO 21996 --- [summoner-searcher-api] [    Test worker] .p.s.SummonerSearcherApiApplicationTests : Starting SummonerSearcherApiApplicationTests using Java 21.0.8 with PID 21996 (started by Nasserzadeh in C:\Users\Nasse\Downloads\SummonerSearcher\backend)
2025-11-14T16:40:51.478+01:00  INFO 21996 --- [summoner-searcher-api] [    Test worker] .p.s.SummonerSearcherApiApplicationTests : The following 1 profile is active: "dev"
2025-11-14T16:40:52.632+01:00  INFO 21996 --- [summoner-searcher-api] [    Test worker] .s.d.r.c.RepositoryConfigurationDelegate : Multiple Spring Data modules found, entering strict repository configuration mode
2025-11-14T16:40:52.634+01:00  INFO 21996 --- [summoner-searcher-api] [    Test worker] .s.d.r.c.RepositoryConfigurationDelegate : Bootstrapping Spring Data JPA repositories in DEFAULT mode.
2025-11-14T16:40:52.783+01:00  INFO 21996 --- [summoner-searcher-api] [    Test worker] .s.d.r.c.RepositoryConfigurationDelegate : Finished Spring Data repository scanning in 139 ms. Found 1 JPA repository interface.
2025-11-14T16:40:52.799+01:00  INFO 21996 --- [summoner-searcher-api] [    Test worker] .s.d.r.c.RepositoryConfigurationDelegate : Multiple Spring Data modules found, entering strict repository configuration mode
2025-11-14T16:40:52.800+01:00  INFO 21996 --- [summoner-searcher-api] [    Test worker] .s.d.r.c.RepositoryConfigurationDelegate : Bootstrapping Spring Data Redis repositories in DEFAULT mode.
2025-11-14T16:40:52.816+01:00  INFO 21996 --- [summoner-searcher-api] [    Test worker] .RepositoryConfigurationExtensionSupport : Spring Data Redis - Could not safely identify store assignment for repository candidate interface com.pride.summoner_searcher_api.repository.UserRepository; If you want this repository to be a Redis repository, consider annotating your entities with one of these annotations: org.springframework.data.redis.core.RedisHash (preferred), or consider extending one of the following types with your repository: org.springframework.data.keyvalue.repository.KeyValueRepository
2025-11-14T16:40:52.817+01:00  INFO 21996 --- [summoner-searcher-api] [    Test worker] .s.d.r.c.RepositoryConfigurationDelegate : Finished Spring Data repository scanning in 6 ms. Found 0 Redis repository interfaces.
2025-11-14T16:40:53.637+01:00  INFO 21996 --- [summoner-searcher-api] [    Test worker] o.hibernate.jpa.internal.util.LogHelper  : HHH000204: Processing PersistenceUnitInfo [name: default]
2025-11-14T16:40:53.757+01:00  INFO 21996 --- [summoner-searcher-api] [    Test worker] org.hibernate.Version                    : HHH000412: Hibernate ORM core version 6.6.29.Final
2025-11-14T16:40:53.796+01:00  INFO 21996 --- [summoner-searcher-api] [    Test worker] o.h.c.internal.RegionFactoryInitiator    : HHH000026: Second-level cache disabled
2025-11-14T16:40:54.090+01:00  INFO 21996 --- [summoner-searcher-api] [    Test worker] o.s.o.j.p.SpringPersistenceUnitInfo      : No LoadTimeWeaver setup: ignoring JPA class transformer
2025-11-14T16:40:54.125+01:00  INFO 21996 --- [summoner-searcher-api] [    Test worker] com.zaxxer.hikari.HikariDataSource       : HikariPool-1 - Starting...
2025-11-14T16:40:54.292+01:00  INFO 21996 --- [summoner-searcher-api] [    Test worker] com.zaxxer.hikari.pool.HikariPool        : HikariPool-1 - Added connection org.postgresql.jdbc.PgConnection@2f69d246
2025-11-14T16:40:54.293+01:00  INFO 21996 --- [summoner-searcher-api] [    Test worker] com.zaxxer.hikari.HikariDataSource       : HikariPool-1 - Start completed.
2025-11-14T16:40:54.334+01:00  WARN 21996 --- [summoner-searcher-api] [    Test worker] org.hibernate.orm.deprecation            : HHH90000025: PostgreSQLDialect does not need to be specified explicitly using 'hibernate.dialect' (remove the property setting and it will be selected by default)
2025-11-14T16:40:54.354+01:00  INFO 21996 --- [summoner-searcher-api] [    Test worker] org.hibernate.orm.connections.pooling    : HHH10001005: Database info:
	Database JDBC URL [Connecting through datasource 'HikariDataSource (HikariPool-1)']
	Database driver: undefined/unknown
	Database version: 18.0
	Autocommit mode: undefined/unknown
	Isolation level: undefined/unknown
	Minimum pool size: undefined/unknown
	Maximum pool size: undefined/unknown
2025-11-14T16:40:55.285+01:00  INFO 21996 --- [summoner-searcher-api] [    Test worker] o.h.e.t.j.p.i.JtaPlatformInitiator       : HHH000489: No JTA platform available (set 'hibernate.transaction.jta.platform' to enable JTA platform integration)
2025-11-14T16:40:55.472+01:00  INFO 21996 --- [summoner-searcher-api] [    Test worker] j.LocalContainerEntityManagerFactoryBean : Initialized JPA EntityManagerFactory for persistence unit 'default'
2025-11-14T16:40:56.063+01:00  INFO 21996 --- [summoner-searcher-api] [    Test worker] r$InitializeUserDetailsManagerConfigurer : Global AuthenticationManager configured with UserDetailsService bean with name userDetailsServiceImpl
2025-11-14T16:40:56.494+01:00  WARN 21996 --- [summoner-searcher-api] [    Test worker] JpaBaseConfiguration$JpaWebConfiguration : spring.jpa.open-in-view is enabled by default. Therefore, database queries may be performed during view rendering. Explicitly configure spring.jpa.open-in-view to disable this warning
2025-11-14T16:40:57.240+01:00  INFO 21996 --- [summoner-searcher-api] [    Test worker] .p.s.SummonerSearcherApiApplicationTests : Started SummonerSearcherApiApplicationTests in 6.025 seconds (process running for 7.211)
Initial cache check on application startup...
Scheduled task running: Checking if Challenger league cache needs refreshing...
[Cache Warmer] MISS for key: leaderboard:euw1::RANKED_SOLO_5x5. Fetching from API...
Error during scheduled cache check for euw1 - RANKED_SOLO_5x5: Riot API call to 'https://euw1.api.riotgames.com/lol/league/v4/challengerleagues/by-queue/{queue}' failed with status 401 UNAUTHORIZED. Reason: {"status":{"message":"Forbidden","status_code":401}}
[Cache Warmer] MISS for key: leaderboard:na1::RANKED_SOLO_5x5. Fetching from API...
Error during scheduled cache check for na1 - RANKED_SOLO_5x5: Riot API call to 'https://na1.api.riotgames.com/lol/league/v4/challengerleagues/by-queue/{queue}' failed with status 401 UNAUTHORIZED. Reason: {"status":{"message":"Forbidden","status_code":401}}
[Cache Warmer] MISS for key: leaderboard:kr::RANKED_SOLO_5x5. Fetching from API...
Error during scheduled cache check for kr - RANKED_SOLO_5x5: Riot API call to 'https://kr.api.riotgames.com/lol/league/v4/challengerleagues/by-queue/{queue}' failed with status 401 UNAUTHORIZED. Reason: {"status":{"message":"Forbidden","status_code":401}}
Scheduled cache check complete.
]]></system-out>
  <system-err><![CDATA[Mockito is currently self-attaching to enable the inline-mock-maker. This will no longer work in future releases of the JDK. Please add Mockito as an agent to your build as described in Mockito's documentation: https://javadoc.io/doc/org.mockito/mockito-core/latest/org.mockito/org/mockito/Mockito.html#0.3
WARNING: A Java agent has been loaded dynamically (C:\Users\Nasse\.gradle\caches\modules-2\files-2.1\net.bytebuddy\byte-buddy-agent\1.17.7\fbf3d6d649ed37fc9e9c59480a05be0a26e3c2da\byte-buddy-agent-1.17.7.jar)
WARNING: If a serviceability tool is in use, please run with -XX:+EnableDynamicAgentLoading to hide this warning
WARNING: If a serviceability tool is not in use, please run with -Djdk.instrument.traceUsage for more information
WARNING: Dynamic loading of agents will be disallowed by default in a future release
]]></system-err>
</testsuite>
